{"uuid":"4d9f1c95-c557-4859-81e3-2881a2935fdd","historyId":"33e48114048c9fc69f4d8ee859d44dff","fullName":"src/test/resources/Features/loginPage.feature:8","labels":[{"name":"host","value":"LAPTOP-E5VLIG60"},{"name":"thread","value":"20720@LAPTOP-E5VLIG60.TestNG-tests-2(30)"},{"name":"feature","value":"Login Feature"},{"name":"story","value":"User Login"},{"name":"suite","value":"Login Feature"},{"name":"testClass","value":"User Login"},{"name":"framework","value":"cucumber4jvm"},{"name":"language","value":"java"},{"name":"gherkin_uri","value":"file:///N:/New%20folder/wipro/Maven/JpetStore_CapstoneProject/src/test/resources/Features/loginPage.feature"},{"name":"package","value":"src.test.resources.Features.loginPage_feature.Login Feature"}],"links":[],"name":"User Login","status":"failed","statusDetails":{"known":false,"muted":false,"flaky":false,"message":"expected [https://petstore.octoperf.com/] but found [https://petstore.octoperf.com/actions/Catalog.action]","trace":"java.lang.AssertionError: expected [https://petstore.octoperf.com/] but found [https://petstore.octoperf.com/actions/Catalog.action]\r\n\tat org.testng.Assert.fail(Assert.java:111)\r\n\tat org.testng.Assert.failNotEquals(Assert.java:1578)\r\n\tat org.testng.Assert.assertEqualsImpl(Assert.java:150)\r\n\tat org.testng.Assert.assertEquals(Assert.java:132)\r\n\tat org.testng.Assert.assertEquals(Assert.java:656)\r\n\tat org.testng.Assert.assertEquals(Assert.java:666)\r\n\tat com.petstore.stepDefinitions.PetLogin.the_user_is_on_the_home_page(PetLogin.java:38)\r\n\tat ✽.The user is on the home page(file:///N:/New%20folder/wipro/Maven/JpetStore_CapstoneProject/src/test/resources/Features/loginPage.feature:3)\r\n"},"stage":"finished","steps":[{"name":"Given  The user is on the home page","status":"failed","statusDetails":{"known":false,"muted":false,"flaky":false,"message":"expected [https://petstore.octoperf.com/] but found [https://petstore.octoperf.com/actions/Catalog.action]","trace":"java.lang.AssertionError: expected [https://petstore.octoperf.com/] but found [https://petstore.octoperf.com/actions/Catalog.action]\r\n\tat org.testng.Assert.fail(Assert.java:111)\r\n\tat org.testng.Assert.failNotEquals(Assert.java:1578)\r\n\tat org.testng.Assert.assertEqualsImpl(Assert.java:150)\r\n\tat org.testng.Assert.assertEquals(Assert.java:132)\r\n\tat org.testng.Assert.assertEquals(Assert.java:656)\r\n\tat org.testng.Assert.assertEquals(Assert.java:666)\r\n\tat com.petstore.stepDefinitions.PetLogin.the_user_is_on_the_home_page(PetLogin.java:38)\r\n\tat ✽.The user is on the home page(file:///N:/New%20folder/wipro/Maven/JpetStore_CapstoneProject/src/test/resources/Features/loginPage.feature:3)\r\n"},"stage":"finished","steps":[],"attachments":[],"parameters":[],"start":1742131544717,"stop":1742131546153},{"name":"When  User enter the login credentials \"j2ee\" and \"j2ee\"","status":"skipped","statusDetails":{"known":false,"muted":false,"flaky":false},"stage":"finished","steps":[],"attachments":[],"parameters":[],"start":1742131548380,"stop":1742131548381},{"name":"Then  Validate user login successfully","status":"skipped","statusDetails":{"known":false,"muted":false,"flaky":false},"stage":"finished","steps":[],"attachments":[],"parameters":[],"start":1742131548385,"stop":1742131548386}],"attachments":[],"parameters":[{"name":"username","value":"j2ee"},{"name":"password","value":"j2ee"}],"start":1742131516127,"stop":1742131552199}