{"uuid":"54ace65a-0f71-456c-9f63-f664723492b7","historyId":"ce019d25138c4f7dd5c601c16d3cedab","fullName":"src/test/resources/Features/registerPage.feature:12","labels":[{"name":"host","value":"LAPTOP-E5VLIG60"},{"name":"thread","value":"8428@LAPTOP-E5VLIG60.main(1)"},{"name":"feature","value":"User Registration Process"},{"name":"story","value":"User registered successfully"},{"name":"suite","value":"User Registration Process"},{"name":"testClass","value":"User registered successfully"},{"name":"framework","value":"cucumber4jvm"},{"name":"language","value":"java"},{"name":"gherkin_uri","value":"file:///N:/New%20folder/wipro/Maven/JpetStore_CapstoneProject/src/test/resources/Features/registerPage.feature"},{"name":"package","value":"src.test.resources.Features.registerPage_feature.User Registration Process"}],"links":[],"name":"User registered successfully","status":"broken","statusDetails":{"known":false,"muted":false,"flaky":false,"message":"Cannot locate option with text: English\nFor documentation on this error, please visit: https://www.selenium.dev/documentation/webdriver/troubleshooting/errors#no-such-element-exception\nBuild info: version: '4.28.1', revision: '73f5ad48a2'\nSystem info: os.name: 'Windows 11', os.arch: 'amd64', os.version: '10.0', java.version: '21.0.6'\nDriver info: driver.version: unknown","trace":"org.openqa.selenium.NoSuchElementException: Cannot locate option with text: English\nFor documentation on this error, please visit: https://www.selenium.dev/documentation/webdriver/troubleshooting/errors#no-such-element-exception\nBuild info: version: '4.28.1', revision: '73f5ad48a2'\nSystem info: os.name: 'Windows 11', os.arch: 'amd64', os.version: '10.0', java.version: '21.0.6'\nDriver info: driver.version: unknown\r\n\tat org.openqa.selenium.support.ui.Select.selectByVisibleText(Select.java:167)\r\n\tat com.petstore.basepage.BasePage.selectOption(BasePage.java:64)\r\n\tat com.petstore.pages.RegisterPetPage.enterProfileDetails(RegisterPetPage.java:121)\r\n\tat com.petstore.stepDefinitions.PetRegister.user_enters_profile_details_and(PetRegister.java:41)\r\n\tat ✽.User enters profile details \"English\", \"Fish\", \"TRUE\", and \"TRUE\"(file:///N:/New%20folder/wipro/Maven/JpetStore_CapstoneProject/src/test/resources/Features/registerPage.feature:7)\r\n"},"stage":"finished","steps":[{"name":"Given  User is on the home page","status":"passed","statusDetails":{"known":false,"muted":false,"flaky":false},"stage":"finished","steps":[],"attachments":[],"parameters":[],"start":1742108563353,"stop":1742108563398},{"name":"When  User enters credentials \"user123\" and \"Pass@123\"","status":"passed","statusDetails":{"known":false,"muted":false,"flaky":false},"stage":"finished","steps":[],"attachments":[],"parameters":[],"start":1742108566795,"stop":1742108570100},{"name":"And  User enters personal details \"John\", \"Doe\", \"john.doe@mail.com\", \"9.87654321E9\", \"123 Main St\", \"Apt 4B\", \"New York\", \"NY\", \"10001.0\", and \"USA\"","status":"passed","statusDetails":{"known":false,"muted":false,"flaky":false},"stage":"finished","steps":[],"attachments":[],"parameters":[],"start":1742108573396,"stop":1742108577514},{"name":"And  User enters profile details \"English\", \"Fish\", \"TRUE\", and \"TRUE\"","status":"broken","statusDetails":{"known":false,"muted":false,"flaky":false,"message":"Cannot locate option with text: English\nFor documentation on this error, please visit: https://www.selenium.dev/documentation/webdriver/troubleshooting/errors#no-such-element-exception\nBuild info: version: '4.28.1', revision: '73f5ad48a2'\nSystem info: os.name: 'Windows 11', os.arch: 'amd64', os.version: '10.0', java.version: '21.0.6'\nDriver info: driver.version: unknown","trace":"org.openqa.selenium.NoSuchElementException: Cannot locate option with text: English\nFor documentation on this error, please visit: https://www.selenium.dev/documentation/webdriver/troubleshooting/errors#no-such-element-exception\nBuild info: version: '4.28.1', revision: '73f5ad48a2'\nSystem info: os.name: 'Windows 11', os.arch: 'amd64', os.version: '10.0', java.version: '21.0.6'\nDriver info: driver.version: unknown\r\n\tat org.openqa.selenium.support.ui.Select.selectByVisibleText(Select.java:167)\r\n\tat com.petstore.basepage.BasePage.selectOption(BasePage.java:64)\r\n\tat com.petstore.pages.RegisterPetPage.enterProfileDetails(RegisterPetPage.java:121)\r\n\tat com.petstore.stepDefinitions.PetRegister.user_enters_profile_details_and(PetRegister.java:41)\r\n\tat ✽.User enters profile details \"English\", \"Fish\", \"TRUE\", and \"TRUE\"(file:///N:/New%20folder/wipro/Maven/JpetStore_CapstoneProject/src/test/resources/Features/registerPage.feature:7)\r\n"},"stage":"finished","steps":[],"attachments":[],"parameters":[],"start":1742108580777,"stop":1742108591052},{"name":"Then  User is registered successfully","status":"skipped","statusDetails":{"known":false,"muted":false,"flaky":false},"stage":"finished","steps":[],"attachments":[],"parameters":[],"start":1742108594352,"stop":1742108594354}],"attachments":[],"parameters":[{"name":"username","value":"user123"},{"name":"password","value":"Pass@123"},{"name":"firstname","value":"John"},{"name":"lastname","value":"Doe"},{"name":"email","value":"john.doe@mail.com"},{"name":"phone","value":"9.87654321E9"},{"name":"address1","value":"123 Main St"},{"name":"address2","value":"Apt 4B"},{"name":"city","value":"New York"},{"name":"state","value":"NY"},{"name":"pincode","value":"10001.0"},{"name":"country","value":"USA"},{"name":"language","value":"English"},{"name":"pet","value":"Fish"},{"name":"list","value":"TRUE"},{"name":"banner","value":"TRUE"}],"start":1742108555237,"stop":1742108594925}