{"uuid":"657ef68e-6204-4b00-ad78-8388928e21b1","historyId":"ecf63b8fc565c2815276005983216380","fullName":"src/test/resources/Features/homePage.feature:5","labels":[{"name":"tag","value":"Home"},{"name":"host","value":"LAPTOP-E5VLIG60"},{"name":"thread","value":"20720@LAPTOP-E5VLIG60.TestNG-tests-3(31)"},{"name":"feature","value":"Home Page"},{"name":"story","value":"Verify the link and page title"},{"name":"suite","value":"Home Page"},{"name":"testClass","value":"Verify the link and page title"},{"name":"framework","value":"cucumber4jvm"},{"name":"language","value":"java"},{"name":"gherkin_uri","value":"file:///N:/New%20folder/wipro/Maven/JpetStore_CapstoneProject/src/test/resources/Features/homePage.feature"},{"name":"package","value":"src.test.resources.Features.homePage_feature.Home Page"}],"links":[],"name":"Verify the link and page title","status":"failed","statusDetails":{"known":false,"muted":false,"flaky":false,"message":"expected [https://petstore.octoperf.com/] but found [https://petstore.octoperf.com/actions/Catalog.action]","trace":"java.lang.AssertionError: expected [https://petstore.octoperf.com/] but found [https://petstore.octoperf.com/actions/Catalog.action]\r\n\tat org.testng.Assert.fail(Assert.java:111)\r\n\tat org.testng.Assert.failNotEquals(Assert.java:1578)\r\n\tat org.testng.Assert.assertEqualsImpl(Assert.java:150)\r\n\tat org.testng.Assert.assertEquals(Assert.java:132)\r\n\tat org.testng.Assert.assertEquals(Assert.java:656)\r\n\tat org.testng.Assert.assertEquals(Assert.java:666)\r\n\tat com.petstore.stepDefinitions.PetHome.user_enter_the_home_page(PetHome.java:27)\r\n\tat ✽.User enter the home page(file:///N:/New%20folder/wipro/Maven/JpetStore_CapstoneProject/src/test/resources/Features/homePage.feature:6)\r\n"},"stage":"finished","steps":[{"name":"Given  User enter the home page","status":"failed","statusDetails":{"known":false,"muted":false,"flaky":false,"message":"expected [https://petstore.octoperf.com/] but found [https://petstore.octoperf.com/actions/Catalog.action]","trace":"java.lang.AssertionError: expected [https://petstore.octoperf.com/] but found [https://petstore.octoperf.com/actions/Catalog.action]\r\n\tat org.testng.Assert.fail(Assert.java:111)\r\n\tat org.testng.Assert.failNotEquals(Assert.java:1578)\r\n\tat org.testng.Assert.assertEqualsImpl(Assert.java:150)\r\n\tat org.testng.Assert.assertEquals(Assert.java:132)\r\n\tat org.testng.Assert.assertEquals(Assert.java:656)\r\n\tat org.testng.Assert.assertEquals(Assert.java:666)\r\n\tat com.petstore.stepDefinitions.PetHome.user_enter_the_home_page(PetHome.java:27)\r\n\tat ✽.User enter the home page(file:///N:/New%20folder/wipro/Maven/JpetStore_CapstoneProject/src/test/resources/Features/homePage.feature:6)\r\n"},"stage":"finished","steps":[],"attachments":[],"parameters":[],"start":1742131509632,"stop":1742131510243},{"name":"Then  I verify the page title","status":"skipped","statusDetails":{"known":false,"muted":false,"flaky":false},"stage":"finished","steps":[],"attachments":[],"parameters":[],"start":1742131512363,"stop":1742131512364}],"attachments":[],"parameters":[],"start":1742131356017,"stop":1742131515757}