{"uuid":"66958641-6270-411f-8549-1692f17da688","historyId":"8754a4d1d09125f3a7a0177b0e80a1f9","fullName":"src/test/resources/Features/searchPage.feature:13","labels":[{"name":"tag","value":"Functionality"},{"name":"host","value":"LAPTOP-E5VLIG60"},{"name":"thread","value":"19224@LAPTOP-E5VLIG60.main(1)"},{"name":"feature","value":"Search Item"},{"name":"story","value":"Title of your scenario"},{"name":"suite","value":"Search Item"},{"name":"testClass","value":"Title of your scenario"},{"name":"framework","value":"cucumber4jvm"},{"name":"language","value":"java"},{"name":"gherkin_uri","value":"file:///N:/New%20folder/wipro/Maven/JpetStore_CapstoneProject/src/test/resources/Features/searchPage.feature"},{"name":"package","value":"src.test.resources.Features.searchPage_feature.Search Item"}],"links":[],"name":"Title of your scenario","status":"failed","statusDetails":{"known":false,"muted":false,"flaky":false,"message":"expected [$58.50] but found [$16.50]","trace":"java.lang.AssertionError: expected [$58.50] but found [$16.50]\r\n\tat org.testng.Assert.fail(Assert.java:111)\r\n\tat org.testng.Assert.failNotEquals(Assert.java:1578)\r\n\tat org.testng.Assert.assertEqualsImpl(Assert.java:150)\r\n\tat org.testng.Assert.assertEquals(Assert.java:132)\r\n\tat org.testng.Assert.assertEquals(Assert.java:656)\r\n\tat org.testng.Assert.assertEquals(Assert.java:666)\r\n\tat com.petstore.stepDefinitions.PetSearch.user_validate_the_price_of_the_pet(PetSearch.java:43)\r\n\tat ✽.user validate the price of the pet(file:///N:/New%20folder/wipro/Maven/JpetStore_CapstoneProject/src/test/resources/Features/searchPage.feature:7)\r\n"},"stage":"finished","steps":[{"name":"Given  the user is on home page","status":"passed","statusDetails":{"known":false,"muted":false,"flaky":false},"stage":"finished","steps":[],"attachments":[],"parameters":[],"start":1742119853214,"stop":1742119853238},{"name":"When  user search for a \"Manx\", get the pet list and select a pet","status":"passed","statusDetails":{"known":false,"muted":false,"flaky":false},"stage":"finished","steps":[],"attachments":[],"parameters":[],"start":1742119854767,"stop":1742119857645},{"name":"Then  user validate the price of the pet","status":"failed","statusDetails":{"known":false,"muted":false,"flaky":false,"message":"expected [$58.50] but found [$16.50]","trace":"java.lang.AssertionError: expected [$58.50] but found [$16.50]\r\n\tat org.testng.Assert.fail(Assert.java:111)\r\n\tat org.testng.Assert.failNotEquals(Assert.java:1578)\r\n\tat org.testng.Assert.assertEqualsImpl(Assert.java:150)\r\n\tat org.testng.Assert.assertEquals(Assert.java:132)\r\n\tat org.testng.Assert.assertEquals(Assert.java:656)\r\n\tat org.testng.Assert.assertEquals(Assert.java:666)\r\n\tat com.petstore.stepDefinitions.PetSearch.user_validate_the_price_of_the_pet(PetSearch.java:43)\r\n\tat ✽.user validate the price of the pet(file:///N:/New%20folder/wipro/Maven/JpetStore_CapstoneProject/src/test/resources/Features/searchPage.feature:7)\r\n"},"stage":"finished","steps":[],"attachments":[],"parameters":[],"start":1742119859054,"stop":1742119859367}],"attachments":[],"parameters":[{"name":"pet","value":"Manx"}],"start":1742119842076,"stop":1742119861800}